#
# A fatal error has been detected by the Java Runtime Environment:
#
#  EXCEPTION_ACCESS_VIOLATION (0xc0000005) at pc=0x0000000000000000, pid=4448, tid=0x0000000000001f68
#
# JRE version: OpenJDK Runtime Environment (8.0_152-b01) (build 1.8.0_152-release-915-b01)
# Java VM: OpenJDK 64-Bit Server VM (25.152-b01 mixed mode windows-amd64 compressed oops)
# Problematic frame:
# C  0x0000000000000000
#
# Failed to write core dump. Minidumps are not enabled by default on client versions of Windows
#
# If you would like to submit a bug report, please visit:
#   http://bugreport.java.com/bugreport/crash.jsp
#

---------------  T H R E A D  ---------------

Current thread (0x0000000002a3c000):  GCTaskThread [stack: 0x00000000126f0000,0x00000000127f0000] [id=8040]

siginfo: ExceptionCode=0xc0000005, ExceptionInformation=0x0000000000000008 0x0000000000000000

Registers:
RAX=0x000000010064f1a0, RBX=0x0000000011ef7a0a, RCX=0x0000000100655ab0, RDX=0x0000000016453500
RSP=0x00000000127ef768, RBP=0x0000000011ef7a81, RSI=0x00000000a2f41400, RDI=0x00000000a2f41388
R8 =0x00000000a2f41388, R9 =0x0000000100655ab0, R10=0x000000000000000c, R11=0x000000000000000c
R12=0x0000000011ef7a07, R13=0x0000000016453500, R14=0x0000000002a2e810, R15=0x000000000000000c
RIP=0x0000000000000000, EFLAGS=0x0000000000010203

Top of Stack: (sp=0x00000000127ef768)
0x00000000127ef768:   0000000066d0c91f 0000000011ef7a0a
0x00000000127ef778:   0000000011ef7a81 00000000a2f41400
0x00000000127ef788:   00000000a7021259 0000000011ef7a00
0x00000000127ef798:   0000000011f0db9d 0000000000000200
0x00000000127ef7a8:   0000000000000000 0000000002a21ad0
0x00000000127ef7b8:   0000000002a334d0 0000000066f64e88
0x00000000127ef7c8:   0000000002a3df00 0000000000000000
0x00000000127ef7d8:   0000000002ac31a0 0000000002a3c7f0
0x00000000127ef7e8:   0000000002a3c7e0 0000000016453500
0x00000000127ef7f8:   0000000066d1efa2 0000000011ef7a00
0x00000000127ef808:   0000000002a2e9d0 00000000a2f50008
0x00000000127ef818:   00000000a5b73890 0000000016453500
0x00000000127ef828:   0000000000000000 0000000000000004
0x00000000127ef838:   0000000002a2fcb0 0000000002ac31a0
0x00000000127ef848:   0000000066d0e2ce 0000000002a3c000
0x00000000127ef858:   0000000000000000 0000000002a3df00 

Instructions: (pc=0x0000000000000000)
0xffffffffffffffe0:   


Register to memory mapping:

RAX=0x000000010064f1a0 is pointing into metadata
RBX=0x0000000011ef7a0a is an unknown value
RCX=0x0000000100655ab0 is pointing into metadata
RDX=0x0000000016453500 is an unknown value
RSP=0x00000000127ef768 is an unknown value
RBP=0x0000000011ef7a81 is an unknown value
RSI=0x00000000a2f41400 is pointing into object: 0x00000000a2f413e0
com.sun.tools.javac.code.Symbol$VarSymbol 
 - klass: 'com/sun/tools/javac/code/Symbol$VarSymbol'
RDI=0x00000000a2f41388 is an oop

[error occurred during error reporting (printing register info), id 0xc0000005]

Stack: [0x00000000126f0000,0x00000000127f0000],  sp=0x00000000127ef768,  free space=1021k
Native frames: (J=compiled Java code, j=interpreted, Vv=VM code, C=native code)


---------------  P R O C E S S  ---------------

Java Threads: ( => current thread )
  0x000000001a788800 JavaThread "RMI RenewClean-[localhost:31403,org.jetbrains.kotlin.daemon.common.LoopbackNetworkInterface$ClientLoopbackSocketFactory@3f36848e]" daemon [_thread_blocked, id=3228, stack(0x000000001e980000,0x000000001ea80000)]
  0x000000001dc25000 JavaThread "RMI RenewClean-[localhost:31403,org.jetbrains.kotlin.daemon.common.LoopbackNetworkInterface$ClientLoopbackSocketFactory@3e1f3e16]" daemon [_thread_blocked, id=2776, stack(0x0000000020620000,0x0000000020720000)]
  0x00000000185a9800 JavaThread "RMI Scheduler(0)" daemon [_thread_blocked, id=4816, stack(0x00000000192e0000,0x00000000193e0000)]
  0x000000000281e800 JavaThread "DestroyJavaVM" [_thread_blocked, id=3696, stack(0x0000000002920000,0x0000000002a20000)]
  0x000000001854f800 JavaThread "GC Daemon" daemon [_thread_blocked, id=4192, stack(0x0000000018ee0000,0x0000000018fe0000)]
  0x000000001854f000 JavaThread "RMI Reaper" [_thread_blocked, id=3740, stack(0x0000000018de0000,0x0000000018ee0000)]
  0x000000001853e800 JavaThread "Timer-0" daemon [_thread_blocked, id=4064, stack(0x0000000018be0000,0x0000000018ce0000)]
  0x00000000183db000 JavaThread "RMI TCP Accept-17098" daemon [_thread_in_native, id=3620, stack(0x0000000018ae0000,0x0000000018be0000)]
  0x0000000017869800 JavaThread "Service Thread" daemon [_thread_blocked, id=7252, stack(0x00000000180e0000,0x00000000181e0000)]
  0x00000000177f0000 JavaThread "C1 CompilerThread2" daemon [_thread_blocked, id=7356, stack(0x0000000017fe0000,0x00000000180e0000)]
  0x00000000177e9000 JavaThread "C2 CompilerThread1" daemon [_thread_blocked, id=1780, stack(0x0000000017ee0000,0x0000000017fe0000)]
  0x00000000164ec000 JavaThread "C2 CompilerThread0" daemon [_thread_blocked, id=8132, stack(0x0000000017de0000,0x0000000017ee0000)]
  0x00000000177e8800 JavaThread "Attach Listener" daemon [_thread_blocked, id=4084, stack(0x0000000017ce0000,0x0000000017de0000)]
  0x00000000164a0000 JavaThread "Signal Dispatcher" daemon [_thread_blocked, id=6556, stack(0x0000000017be0000,0x0000000017ce0000)]
  0x0000000016476800 JavaThread "Finalizer" daemon [_thread_blocked, id=6156, stack(0x00000000176e0000,0x00000000177e0000)]
  0x0000000002b14000 JavaThread "Reference Handler" daemon [_thread_blocked, id=7216, stack(0x00000000175e0000,0x00000000176e0000)]

Other Threads:
  0x0000000016455800 VMThread [stack: 0x00000000174e0000,0x00000000175e0000] [id=2648]
  0x000000001786a000 WatcherThread [stack: 0x00000000181e0000,0x00000000182e0000] [id=7068]

=>0x0000000002a3c000 (exited) GCTaskThread [stack: 0x00000000126f0000,0x00000000127f0000] [id=8040]

VM state:at safepoint (normal execution)

VM Mutex/Monitor currently owned by a thread:  ([mutex/lock_event])
[0x000000000281d370] Threads_lock - owner thread: 0x0000000016455800
[0x000000000281d670] Heap_lock - owner thread: 0x000000001853e800

Heap:
 PSYoungGen      total 212992K, used 195435K [0x00000000e0000000, 0x00000000f2d00000, 0x0000000100000000)
  eden space 135680K, 100% used [0x00000000e0000000,0x00000000e8480000,0x00000000e8480000)
  from space 77312K, 77% used [0x00000000ed600000,0x00000000f105afd8,0x00000000f2180000)
  to   space 83456K, 1% used [0x00000000e8480000,0x00000000e8590000,0x00000000ed600000)
 ParOldGen       total 259584K, used 116848K [0x00000000a0000000, 0x00000000afd80000, 0x00000000e0000000)
  object space 259584K, 45% used [0x00000000a0000000,0x00000000a721c318,0x00000000afd80000)
 Metaspace       used 62790K, capacity 64218K, committed 64384K, reserved 1105920K
  class space    used 7369K, capacity 7731K, committed 7808K, reserved 1048576K

Card table byte_map: [0x0000000011ee0000,0x00000000121f0000] byte_map_base: 0x00000000119e0000

Marking Bits: (ParMarkBitMap*) 0x0000000067113950
 Begin Bits: [0x00000000127f0000, 0x0000000013ff0000)
 End Bits:   [0x0000000013ff0000, 0x00000000157f0000)

Polling page: 0x0000000000c00000

CodeCache: size=245760Kb used=35446Kb max_used=35928Kb free=210313Kb
 bounds [0x0000000002b20000, 0x0000000004e60000, 0x0000000011b20000]
 total_blobs=10938 nmethods=10385 adapters=464
 compilation: enabled

Compilation events (10 events):
Event: 3495.550 Thread 0x00000000177e9000 12466   !   4       org.jetbrains.kotlin.daemon.CompileServiceImpl$state$1::cleanDeadClients (428 bytes)
Event: 3495.621 Thread 0x00000000177e9000 nmethod 12466 0x0000000004895fd0 code [0x0000000004896280, 0x0000000004897980]
Event: 3518.714 Thread 0x00000000177f0000 12467       3       java.io.ObjectStreamClass::computeFieldOffsets (307 bytes)
Event: 3518.717 Thread 0x00000000177f0000 nmethod 12467 0x0000000003736950 code [0x0000000003736b60, 0x00000000037375a8]
Event: 3520.266 Thread 0x00000000177f0000 12468       3       sun.rmi.transport.StreamRemoteCall::getInputStream (43 bytes)
Event: 3520.269 Thread 0x00000000177f0000 nmethod 12468 0x0000000002e70050 code [0x0000000002e70260, 0x0000000002e70928]
Event: 3520.271 Thread 0x00000000177f0000 12469       3       java.io.ObjectStreamClass$FieldReflectorKey::equals (78 bytes)
Event: 3520.274 Thread 0x00000000177f0000 nmethod 12469 0x0000000003735590 code [0x0000000003735740, 0x0000000003735f48]
Event: 3520.276 Thread 0x00000000177f0000 12470       3       java.io.ObjectInputStream::skipCustomData (103 bytes)
Event: 3520.278 Thread 0x00000000177f0000 nmethod 12470 0x00000000035cae10 code [0x00000000035cb060, 0x00000000035cb9a8]

GC Heap History (10 events):
Event: 40.954 GC heap after
Heap after GC invocations=24 (full 5):
 PSYoungGen      total 164352K, used 54248K [0x00000000e0000000, 0x00000000f0480000, 0x0000000100000000)
  eden space 110080K, 0% used [0x00000000e0000000,0x00000000e0000000,0x00000000e6b80000)
  from space 54272K, 99% used [0x00000000e6b80000,0x00000000ea07a388,0x00000000ea080000)
  to   space 70144K, 0% used [0x00000000ec000000,0x00000000ec000000,0x00000000f0480000)
 ParOldGen       total 164864K, used 104243K [0x00000000a0000000, 0x00000000aa100000, 0x00000000e0000000)
  object space 164864K, 63% used [0x00000000a0000000,0x00000000a65ccf00,0x00000000aa100000)
 Metaspace       used 57485K, capacity 58694K, committed 59136K, reserved 1101824K
  class space    used 6954K, capacity 7307K, committed 7424K, reserved 1048576K
}
Event: 41.195 GC heap before
{Heap before GC invocations=25 (full 5):
 PSYoungGen      total 164352K, used 164328K [0x00000000e0000000, 0x00000000f0480000, 0x0000000100000000)
  eden space 110080K, 100% used [0x00000000e0000000,0x00000000e6b80000,0x00000000e6b80000)
  from space 54272K, 99% used [0x00000000e6b80000,0x00000000ea07a388,0x00000000ea080000)
  to   space 70144K, 0% used [0x00000000ec000000,0x00000000ec000000,0x00000000f0480000)
 ParOldGen       total 164864K, used 104243K [0x00000000a0000000, 0x00000000aa100000, 0x00000000e0000000)
  object space 164864K, 63% used [0x00000000a0000000,0x00000000a65ccf00,0x00000000aa100000)
 Metaspace       used 57923K, capacity 59142K, committed 59392K, reserved 1101824K
  class space    used 6991K, capacity 7371K, committed 7424K, reserved 1048576K
Event: 41.264 GC heap after
Heap after GC invocations=25 (full 5):
 PSYoungGen      total 186880K, used 64142K [0x00000000e0000000, 0x00000000f1d80000, 0x0000000100000000)
  eden space 116736K, 0% used [0x00000000e0000000,0x00000000e0000000,0x00000000e7200000)
  from space 70144K, 91% used [0x00000000ec000000,0x00000000efea3b88,0x00000000f0480000)
  to   space 79872K, 0% used [0x00000000e7200000,0x00000000e7200000,0x00000000ec000000)
 ParOldGen       total 164864K, used 132328K [0x00000000a0000000, 0x00000000aa100000, 0x00000000e0000000)
  object space 164864K, 80% used [0x00000000a0000000,0x00000000a813a120,0x00000000aa100000)
 Metaspace       used 57923K, capacity 59142K, committed 59392K, reserved 1101824K
  class space    used 6991K, capacity 7371K, committed 7424K, reserved 1048576K
}
Event: 41.264 GC heap before
{Heap before GC invocations=26 (full 6):
 PSYoungGen      total 186880K, used 64142K [0x00000000e0000000, 0x00000000f1d80000, 0x0000000100000000)
  eden space 116736K, 0% used [0x00000000e0000000,0x00000000e0000000,0x00000000e7200000)
  from space 70144K, 91% used [0x00000000ec000000,0x00000000efea3b88,0x00000000f0480000)
  to   space 79872K, 0% used [0x00000000e7200000,0x00000000e7200000,0x00000000ec000000)
 ParOldGen       total 164864K, used 132328K [0x00000000a0000000, 0x00000000aa100000, 0x00000000e0000000)
  object space 164864K, 80% used [0x00000000a0000000,0x00000000a813a120,0x00000000aa100000)
 Metaspace       used 57923K, capacity 59142K, committed 59392K, reserved 1101824K
  class space    used 6991K, capacity 7371K, committed 7424K, reserved 1048576K
Event: 41.528 GC heap after
Heap after GC invocations=26 (full 6):
 PSYoungGen      total 186880K, used 0K [0x00000000e0000000, 0x00000000f1d80000, 0x0000000100000000)
  eden space 116736K, 0% used [0x00000000e0000000,0x00000000e0000000,0x00000000e7200000)
  from space 70144K, 0% used [0x00000000ec000000,0x00000000ec000000,0x00000000f0480000)
  to   space 79872K, 0% used [0x00000000e7200000,0x00000000e7200000,0x00000000ec000000)
 ParOldGen       total 259584K, used 93630K [0x00000000a0000000, 0x00000000afd80000, 0x00000000e0000000)
  object space 259584K, 36% used [0x00000000a0000000,0x00000000a5b6f890,0x00000000afd80000)
 Metaspace       used 56989K, capacity 58114K, committed 59392K, reserved 1101824K
  class space    used 6890K, capacity 7187K, committed 7424K, reserved 1048576K
}
Event: 42.293 GC heap before
{Heap before GC invocations=27 (full 6):
 PSYoungGen      total 186880K, used 116736K [0x00000000e0000000, 0x00000000f1d80000, 0x0000000100000000)
  eden space 116736K, 100% used [0x00000000e0000000,0x00000000e7200000,0x00000000e7200000)
  from space 70144K, 0% used [0x00000000ec000000,0x00000000ec000000,0x00000000f0480000)
  to   space 79872K, 0% used [0x00000000e7200000,0x00000000e7200000,0x00000000ec000000)
 ParOldGen       total 259584K, used 93630K [0x00000000a0000000, 0x00000000afd80000, 0x00000000e0000000)
  object space 259584K, 36% used [0x00000000a0000000,0x00000000a5b6f890,0x00000000afd80000)
 Metaspace       used 57541K, capacity 58710K, committed 59392K, reserved 1101824K
  class space    used 6932K, capacity 7231K, committed 7424K, reserved 1048576K
Event: 42.326 GC heap after
Heap after GC invocations=27 (full 6):
 PSYoungGen      total 196608K, used 36130K [0x00000000e0000000, 0x00000000f2180000, 0x0000000100000000)
  eden space 116736K, 0% used [0x00000000e0000000,0x00000000e0000000,0x00000000e7200000)
  from space 79872K, 45% used [0x00000000e7200000,0x00000000e95489a0,0x00000000ec000000)
  to   space 77312K, 0% used [0x00000000ed600000,0x00000000ed600000,0x00000000f2180000)
 ParOldGen       total 259584K, used 93638K [0x00000000a0000000, 0x00000000afd80000, 0x00000000e0000000)
  object space 259584K, 36% used [0x00000000a0000000,0x00000000a5b71890,0x00000000afd80000)
 Metaspace       used 57541K, capacity 58710K, committed 59392K, reserved 1101824K
  class space    used 6932K, capacity 7231K, committed 7424K, reserved 1048576K
}
Event: 43.168 GC heap before
{Heap before GC invocations=28 (full 6):
 PSYoungGen      total 196608K, used 152866K [0x00000000e0000000, 0x00000000f2180000, 0x0000000100000000)
  eden space 116736K, 100% used [0x00000000e0000000,0x00000000e7200000,0x00000000e7200000)
  from space 79872K, 45% used [0x00000000e7200000,0x00000000e95489a0,0x00000000ec000000)
  to   space 77312K, 0% used [0x00000000ed600000,0x00000000ed600000,0x00000000f2180000)
 ParOldGen       total 259584K, used 93638K [0x00000000a0000000, 0x00000000afd80000, 0x00000000e0000000)
  object space 259584K, 36% used [0x00000000a0000000,0x00000000a5b71890,0x00000000afd80000)
 Metaspace       used 58503K, capacity 59752K, committed 60160K, reserved 1101824K
  class space    used 6973K, capacity 7280K, committed 7424K, reserved 1048576K
Event: 43.221 GC heap after
Heap after GC invocations=28 (full 6):
 PSYoungGen      total 212992K, used 59755K [0x00000000e0000000, 0x00000000f2d00000, 0x0000000100000000)
  eden space 135680K, 0% used [0x00000000e0000000,0x00000000e0000000,0x00000000e8480000)
  from space 77312K, 77% used [0x00000000ed600000,0x00000000f105afd8,0x00000000f2180000)
  to   space 83456K, 0% used [0x00000000e8480000,0x00000000e8480000,0x00000000ed600000)
 ParOldGen       total 259584K, used 93646K [0x00000000a0000000, 0x00000000afd80000, 0x00000000e0000000)
  object space 259584K, 36% used [0x00000000a0000000,0x00000000a5b73890,0x00000000afd80000)
 Metaspace       used 58503K, capacity 59752K, committed 60160K, reserved 1101824K
  class space    used 6973K, capacity 7280K, committed 7424K, reserved 1048576K
}
Event: 3592.787 GC heap before
{Heap before GC invocations=29 (full 6):
 PSYoungGen      total 212992K, used 195435K [0x00000000e0000000, 0x00000000f2d00000, 0x0000000100000000)
  eden space 135680K, 100% used [0x00000000e0000000,0x00000000e8480000,0x00000000e8480000)
  from space 77312K, 77% used [0x00000000ed600000,0x00000000f105afd8,0x00000000f2180000)
  to   space 83456K, 0% used [0x00000000e8480000,0x00000000e8480000,0x00000000ed600000)
 ParOldGen       total 259584K, used 93646K [0x00000000a0000000, 0x00000000afd80000, 0x00000000e0000000)
  object space 259584K, 36% used [0x00000000a0000000,0x00000000a5b73890,0x00000000afd80000)
 Metaspace       used 62790K, capacity 64218K, committed 64384K, reserved 1105920K
  class space    used 7369K, capacity 7731K, committed 7808K, reserved 1048576K

Deoptimization events (10 events):
Event: 44.299 Thread 0x000000001dc26800 Uncommon trap: reason=class_check action=maybe_recompile pc=0x0000000003231aec method=org.jetbrains.kotlin.builtins.FunctionTypesKt.isSuspendFunctionType(Lorg/jetbrains/kotlin/types/KotlinType;)Z @ 19
Event: 44.299 Thread 0x000000001dc26800 Uncommon trap: reason=class_check action=maybe_recompile pc=0x0000000003231aec method=org.jetbrains.kotlin.builtins.FunctionTypesKt.isSuspendFunctionType(Lorg/jetbrains/kotlin/types/KotlinType;)Z @ 19
Event: 44.299 Thread 0x000000001dc26800 Uncommon trap: reason=class_check action=maybe_recompile pc=0x0000000003231aec method=org.jetbrains.kotlin.builtins.FunctionTypesKt.isSuspendFunctionType(Lorg/jetbrains/kotlin/types/KotlinType;)Z @ 19
Event: 44.327 Thread 0x000000001dc26800 Uncommon trap: reason=class_check action=maybe_recompile pc=0x0000000003ea244c method=kotlin.collections.CollectionsKt___CollectionsKt.toSet(Ljava/lang/Iterable;)Ljava/util/Set; @ 62
Event: 44.328 Thread 0x000000001dc26800 Uncommon trap: reason=class_check action=maybe_recompile pc=0x0000000003ea244c method=kotlin.collections.CollectionsKt___CollectionsKt.toSet(Ljava/lang/Iterable;)Ljava/util/Set; @ 62
Event: 44.328 Thread 0x000000001dc26800 Uncommon trap: reason=class_check action=maybe_recompile pc=0x0000000003ea244c method=kotlin.collections.CollectionsKt___CollectionsKt.toSet(Ljava/lang/Iterable;)Ljava/util/Set; @ 62
Event: 44.328 Thread 0x000000001dc26800 Uncommon trap: reason=class_check action=maybe_recompile pc=0x0000000003ea244c method=kotlin.collections.CollectionsKt___CollectionsKt.toSet(Ljava/lang/Iterable;)Ljava/util/Set; @ 62
Event: 44.338 Thread 0x000000001dc26800 Uncommon trap: reason=class_check action=maybe_recompile pc=0x0000000004cff59c method=org.jetbrains.kotlin.descriptors.annotations.Annotations$DefaultImpls.findAnnotation(Lorg/jetbrains/kotlin/descriptors/annotations/Annotations;Lorg/jetbrains/kotlin/name
Event: 44.338 Thread 0x000000001dc26800 Uncommon trap: reason=class_check action=maybe_recompile pc=0x0000000004cff59c method=org.jetbrains.kotlin.descriptors.annotations.Annotations$DefaultImpls.findAnnotation(Lorg/jetbrains/kotlin/descriptors/annotations/Annotations;Lorg/jetbrains/kotlin/name
Event: 44.339 Thread 0x000000001dc26800 Uncommon trap: reason=class_check action=maybe_recompile pc=0x0000000004cff59c method=org.jetbrains.kotlin.descriptors.annotations.Annotations$DefaultImpls.findAnnotation(Lorg/jetbrains/kotlin/descriptors/annotations/Annotations;Lorg/jetbrains/kotlin/name

Classes redefined (0 events):
No events

Internal exceptions (10 events):
Event: 44.496 Thread 0x000000001dc26800 Exception <a 'sun/nio/fs/WindowsException'> (0x00000000e79ef4f8) thrown at [D:\src\AOSP-openjdk-cygwin\jdk8u\hotspot\src\share\vm\prims\jni.cpp, line 709]
Event: 44.500 Thread 0x000000001dc26800 Exception <a 'sun/nio/fs/WindowsException'> (0x00000000e7a08658) thrown at [D:\src\AOSP-openjdk-cygwin\jdk8u\hotspot\src\share\vm\prims\jni.cpp, line 709]
Event: 44.503 Thread 0x000000001dc26800 Exception <a 'sun/nio/fs/WindowsException'> (0x00000000e7a1ac80) thrown at [D:\src\AOSP-openjdk-cygwin\jdk8u\hotspot\src\share\vm\prims\jni.cpp, line 709]
Event: 44.509 Thread 0x000000001dc26800 Exception <a 'sun/nio/fs/WindowsException'> (0x00000000e7a3d580) thrown at [D:\src\AOSP-openjdk-cygwin\jdk8u\hotspot\src\share\vm\prims\jni.cpp, line 709]
Event: 44.520 Thread 0x000000001dc26800 Exception <a 'sun/nio/fs/WindowsException'> (0x00000000e7b13d40) thrown at [D:\src\AOSP-openjdk-cygwin\jdk8u\hotspot\src\share\vm\prims\jni.cpp, line 709]
Event: 44.523 Thread 0x000000001dc26800 Exception <a 'sun/nio/fs/WindowsException'> (0x00000000e7b231a0) thrown at [D:\src\AOSP-openjdk-cygwin\jdk8u\hotspot\src\share\vm\prims\jni.cpp, line 709]
Event: 44.527 Thread 0x000000001dc26800 Exception <a 'sun/nio/fs/WindowsException'> (0x00000000e7b41240) thrown at [D:\src\AOSP-openjdk-cygwin\jdk8u\hotspot\src\share\vm\prims\jni.cpp, line 709]
Event: 44.534 Thread 0x000000001dc26800 Exception <a 'sun/nio/fs/WindowsException'> (0x00000000e7b522a0) thrown at [D:\src\AOSP-openjdk-cygwin\jdk8u\hotspot\src\share\vm\prims\jni.cpp, line 709]
Event: 44.538 Thread 0x000000001dc26800 Exception <a 'sun/nio/fs/WindowsException'> (0x00000000e7b67d68) thrown at [D:\src\AOSP-openjdk-cygwin\jdk8u\hotspot\src\share\vm\prims\jni.cpp, line 709]
Event: 44.546 Thread 0x000000001dc26800 Exception <a 'sun/nio/fs/WindowsException'> (0x00000000e7b7efa8) thrown at [D:\src\AOSP-openjdk-cygwin\jdk8u\hotspot\src\share\vm\prims\jni.cpp, line 709]

Events (10 events):
Event: 3520.279 Thread 0x00000000177f0000 flushing nmethod 0x0000000003778fd0
Event: 3520.279 Thread 0x00000000177f0000 flushing nmethod 0x0000000003780b50
Event: 3520.279 Thread 0x00000000177f0000 flushing nmethod 0x0000000003781250
Event: 3520.280 Thread 0x00000000177f0000 flushing nmethod 0x00000000037d0d10
Event: 3520.280 Thread 0x00000000177f0000 flushing nmethod 0x00000000037d2cd0
Event: 3578.556 Executing VM operation: RevokeBias
Event: 3578.557 Executing VM operation: RevokeBias done
Event: 3578.557 Executing VM operation: RevokeBias
Event: 3578.557 Executing VM operation: RevokeBias done
Event: 3592.787 Executing VM operation: ParallelGCFailedAllocation


Dynamic libraries:
0x00007ff7cc330000 - 0x00007ff7cc361000 	D:\Android\AndroidStudio\jre\jre\bin\java.exe
0x00007ffd39000000 - 0x00007ffd391c2000 	C:\Windows\SYSTEM32\ntdll.dll
0x00007ffd38ee0000 - 0x00007ffd38f8d000 	C:\Windows\system32\KERNEL32.DLL
0x00007ffd362c0000 - 0x00007ffd3649d000 	C:\Windows\system32\KERNELBASE.dll
0x00007ffd38e30000 - 0x00007ffd38ed6000 	C:\Windows\system32\ADVAPI32.dll
0x00007ffd38790000 - 0x00007ffd3882d000 	C:\Windows\system32\msvcrt.dll
0x00007ffd38c00000 - 0x00007ffd38c5b000 	C:\Windows\system32\sechost.dll
0x00007ffd366e0000 - 0x00007ffd36806000 	C:\Windows\system32\RPCRT4.dll
0x00007ffd38540000 - 0x00007ffd3868e000 	C:\Windows\system32\USER32.dll
0x00007ffd37d40000 - 0x00007ffd37ec5000 	C:\Windows\system32\GDI32.dll
0x00007ffd28200000 - 0x00007ffd28474000 	C:\Windows\WinSxS\amd64_microsoft.windows.common-controls_6595b64144ccf1df_6.0.10240.16384_none_f41f7b285750ef43\COMCTL32.dll
0x00007ffd38690000 - 0x00007ffd386c6000 	C:\Windows\system32\IMM32.DLL
0x00007ffd380c0000 - 0x00007ffd3821c000 	C:\Windows\system32\MSCTF.dll
0x00000000679a0000 - 0x0000000067a72000 	D:\Android\AndroidStudio\jre\jre\bin\msvcr100.dll
0x0000000066950000 - 0x000000006718e000 	D:\Android\AndroidStudio\jre\jre\bin\server\jvm.dll
0x00007ffd366d0000 - 0x00007ffd366d8000 	C:\Windows\system32\PSAPI.DLL
0x00007ffd2a9b0000 - 0x00007ffd2a9d3000 	C:\Windows\SYSTEM32\WINMM.dll
0x00007ffd29a20000 - 0x00007ffd29a29000 	C:\Windows\SYSTEM32\WSOCK32.dll
0x00007ffd322e0000 - 0x00007ffd322ea000 	C:\Windows\SYSTEM32\VERSION.dll
0x00007ffd384d0000 - 0x00007ffd38539000 	C:\Windows\system32\WS2_32.dll
0x00007ffd2b0b0000 - 0x00007ffd2b0dc000 	C:\Windows\SYSTEM32\WINMMBASE.dll
0x00007ffd37f00000 - 0x00007ffd37f08000 	C:\Windows\system32\NSI.dll
0x00007ffd36100000 - 0x00007ffd36144000 	C:\Windows\system32\cfgmgr32.dll
0x00007ffd355d0000 - 0x00007ffd355f7000 	C:\Windows\SYSTEM32\DEVOBJ.dll
0x00007ffd356f0000 - 0x00007ffd356ff000 	D:\Android\AndroidStudio\jre\jre\bin\verify.dll
0x00007ffd2fe70000 - 0x00007ffd2fe99000 	D:\Android\AndroidStudio\jre\jre\bin\java.dll
0x00007ffd30280000 - 0x00007ffd30296000 	D:\Android\AndroidStudio\jre\jre\bin\zip.dll
0x00007ffd36810000 - 0x00007ffd37d35000 	C:\Windows\system32\SHELL32.dll
0x00007ffd35ad0000 - 0x00007ffd360f8000 	C:\Windows\system32\windows.storage.dll
0x00007ffd38830000 - 0x00007ffd38aac000 	C:\Windows\system32\combase.dll
0x00007ffd38730000 - 0x00007ffd38781000 	C:\Windows\system32\shlwapi.dll
0x00007ffd35a70000 - 0x00007ffd35a7f000 	C:\Windows\system32\kernel.appcore.dll
0x00007ffd36150000 - 0x00007ffd36203000 	C:\Windows\system32\shcore.dll
0x00007ffd35a80000 - 0x00007ffd35aca000 	C:\Windows\system32\powrprof.dll
0x00007ffd35a30000 - 0x00007ffd35a43000 	C:\Windows\system32\profapi.dll
0x00007ffd2ec80000 - 0x00007ffd2ec8d000 	D:\Android\AndroidStudio\jre\jre\bin\management.dll
0x00007ffd2ed10000 - 0x00007ffd2ed2a000 	D:\Android\AndroidStudio\jre\jre\bin\net.dll
0x00007ffd34f80000 - 0x00007ffd34fdd000 	C:\Windows\system32\mswsock.dll
0x00007ffd2ec90000 - 0x00007ffd2eca1000 	D:\Android\AndroidStudio\jre\jre\bin\nio.dll
0x00007ffd34fe0000 - 0x00007ffd34ff7000 	C:\Windows\SYSTEM32\CRYPTSP.dll
0x00007ffd354d0000 - 0x00007ffd354f8000 	C:\Windows\SYSTEM32\bcrypt.dll
0x00007ffd34c30000 - 0x00007ffd34c63000 	C:\Windows\system32\rsaenh.dll
0x00007ffd34e10000 - 0x00007ffd34e2f000 	C:\Windows\SYSTEM32\USERENV.dll
0x00007ffd35860000 - 0x00007ffd358cb000 	C:\Windows\system32\bcryptprimitives.dll
0x00007ffd35150000 - 0x00007ffd3515b000 	C:\Windows\SYSTEM32\CRYPTBASE.dll
0x00007ffd31320000 - 0x00007ffd31358000 	C:\Windows\SYSTEM32\IPHLPAPI.DLL
0x00007ffd31310000 - 0x00007ffd3131b000 	C:\Windows\SYSTEM32\WINNSI.DLL
0x00007ffd2fde0000 - 0x00007ffd2fdf6000 	C:\Windows\SYSTEM32\dhcpcsvc6.DLL
0x00007ffd2fdc0000 - 0x00007ffd2fdda000 	C:\Windows\SYSTEM32\dhcpcsvc.DLL
0x00007ffd211d0000 - 0x00007ffd2135a000 	C:\Windows\SYSTEM32\dbghelp.dll

VM Arguments:
jvm_args: -Djava.awt.headless=true -Djava.rmi.server.hostname=localhost -Xmx1536m -Dkotlin.environment.keepalive 
java_command: org.jetbrains.kotlin.daemon.KotlinCompileDaemon --daemon-runFilesPath C:\Users\Administrator\AppData\Local\kotlin\daemon --daemon-autoshutdownIdleSeconds=7200 --daemon-compilerClasspath C:\Users\Administrator\.gradle\caches\modules-2\files-2.1\org.jetbrains.kotlin\kotlin-compiler-embeddable\1.2.0\17eefd45a8efe1fd7d537d3f8e981f6d76c5ae0e\kotlin-compiler-embeddable-1.2.0.jar;C:\Users\Administrator\.gradle\caches\modules-2\files-2.1\org.jetbrains.kotlin\kotlin-stdlib\1.2.0\25eb440d6eeb9fc60299121020fe726eb2100d03\kotlin-stdlib-1.2.0.jar;C:\Users\Administrator\.gradle\caches\modules-2\files-2.1\org.jetbrains.kotlin\kotlin-script-runtime\1.2.0\269ab8b6a2d55c23dbf2e317a1af2b4c7e8d54b6\kotlin-script-runtime-1.2.0.jar;C:\Users\Administrator\.gradle\caches\modules-2\files-2.1\org.jetbrains.kotlin\kotlin-reflect\1.2.0\4bbda3b5425aa38a9f6960468a29c5ef3e8a28c9\kotlin-reflect-1.2.0.jar;D:\Android\AndroidStudio\jre\lib\tools.jar
java_class_path (initial): C:\Users\Administrator\.gradle\caches\modules-2\files-2.1\org.jetbrains.kotlin\kotlin-compiler-embeddable\1.2.0\17eefd45a8efe1fd7d537d3f8e981f6d76c5ae0e\kotlin-compiler-embeddable-1.2.0.jar;C:\Users\Administrator\.gradle\caches\modules-2\files-2.1\org.jetbrains.kotlin\kotlin-stdlib\1.2.0\25eb440d6eeb9fc60299121020fe726eb2100d03\kotlin-stdlib-1.2.0.jar;C:\Users\Administrator\.gradle\caches\modules-2\files-2.1\org.jetbrains.kotlin\kotlin-script-runtime\1.2.0\269ab8b6a2d55c23dbf2e317a1af2b4c7e8d54b6\kotlin-script-runtime-1.2.0.jar;C:\Users\Administrator\.gradle\caches\modules-2\files-2.1\org.jetbrains.kotlin\kotlin-reflect\1.2.0\4bbda3b5425aa38a9f6960468a29c5ef3e8a28c9\kotlin-reflect-1.2.0.jar;D:\Android\AndroidStudio\jre\lib\tools.jar
Launcher Type: SUN_STANDARD

Environment Variables:
JAVA_HOME=C:\Program Files\Java\jdk1.8.0_121\
PATH=E:\Program Files\Mplabc18\mpasm;E:\Program Files\Mplabc18\bin;C:\Program Files (x86)\Common Files\MVS\Runtime\Win64_x64;C:\Program Files (x86)\Common Files\MVS\Runtime\Win32_i86;C:\Program Files\Java\jdk1.8.0_121\bin;D:\Android\AndroidSDK\platform-tools;C:\ProgramData\Oracle\Java\javapath;e:\Program Files\Git\bin\;C:\Windows\system32;C:\Windows;C:\Windows\System32\Wbem;C:\Windows\System32\WindowsPowerShell\v1.0\;C:\Program Files (x86)\Microsoft SQL Server\100\Tools\Binn\;C:\Program Files\Microsoft SQL Server\100\Tools\Binn\;C:\Program Files\Microsoft SQL Server\100\DTS\Binn\;E:\Program Files\Mplabc18\mpasm;E:\Program Files\Mplabc18\bin;D:\Program Files\MplayForPIC\mpasm;D:\Program Files\MplayForPIC\bin
USERNAME=Administrator
OS=Windows_NT
PROCESSOR_IDENTIFIER=Intel64 Family 6 Model 60 Stepping 3, GenuineIntel



---------------  S Y S T E M  ---------------

OS: Windows 10.0 , 64 bit Build 10240 (10.0.10240.16384)

CPU:total 4 (initial active 4) (4 cores per cpu, 1 threads per core) family 6 model 60 stepping 3, cmov, cx8, fxsr, mmx, sse, sse2, sse3, ssse3, sse4.1, sse4.2, popcnt, avx, avx2, aes, clmul, erms, lzcnt, tsc, tscinvbit, bmi1, bmi2

Memory: 4k page, physical 6175280k(1999628k free), swap 8394628k(2404312k free)

vm_info: OpenJDK 64-Bit Server VM (25.152-b01) for windows-amd64 JRE (1.8.0_152-release-915-b01), built by "builder" with MS VC++ 10.0 (VS2010)

time: Wed Nov 29 12:15:27 2017
elapsed time: 3593 seconds (0d 0h 59m 53s)

